gpasm-0.13.7 beta               cpfslt.asm  3-9-2015  11:52:41           PAGE  1


LOC  OBJECT CODE     LINE SOURCE TEXT
  VALUE
 
               00001 ;;;;;;; cpfslt.asm ;;;;;;;;;;;;;;;;;;;;;;;;;;;;;;;;;;;;;;;;;;;;;;;;
               00002 ;
               00003 ;This program tests operation of cpfslt instruction. Cpfslt skips next instruction
               00004 ;if f is less than wreg.
               00005 ;
               00006 ;;;;;;; Program hierarchy ;;;;;;;;;;;;;;;;;;;;;;;;;;;;;;;;;;;;;;;;;;;;;;;;;;;;;
               00007 ;
               00008 ; Mainline
               00009 ;  
               00010 ;
               00011 ;;;;;;; Assembler directives ;;;;;;;;;;;;;;;;;;;;;;;;;;;;;;;;;;;;;;;;;;;;;;;;;;
               00012 
               00013         #include p18f452.inc
               00001         LIST
               00002 ; P18F452.INC  Standard Header File, Version 1.4   Microchip Technology, Inc.
               00983         LIST
               00014         list  P=PIC18F452, F=INHX32, C=160, N=0, ST=OFF, MM=OFF, R=DEC, X=ON
               00015 
               00016 ;;;;;;; Variables ;;;;;;;;;;;;;;;;;;;;;;;;;;;;;;;;;;;;;;;;;;;;;;;;;;;;;;;;;;;;;
               00017 
               00018         cblock  0x000           ;Beginning of Access RAM
               00019         FLAG
               00020         endc
               00021 
               00022 ;;;;;;; Macro definitions ;;;;;;;;;;;;;;;;;;;;;;;;;;;;;;;;;;;;;;;;;;;;;;;;;;;;;
               00023 
               00024 ;;;;;;; Vectors ;;;;;;;;;;;;;;;;;;;;;;;;;;;;;;;;;;;;;;;;;;;;;;;;;;;;;;;;;;;;;;;
               00025 
               00026 
0000           00027         org  0x0000             ;Reset vector
0000 0000      00028         nop
0002 EF0E F000 00029         goto  Mainline
               00030 
0008           00031         org  0x0008             ;High priority interrupt vector
0008 EF04 F000 00032         goto  $                 ;Trap
               00033 
0018           00034         org  0x0018             ;Low priority interrupt vector
0018 EF0C F000 00035         goto  $                 ;Trap
               00036 
               00037 ;;;;;;; Mainline program ;;;;;;;;;;;;;;;;;;;;;;;;;;;;;;;;;;;;;;;;;;;;;;;;;;;;;;
               00038 
001C 00039 Mainline
               00040 
               00041 ;Example 1:
               00042 ;Case 1, 2:
               00043 
001C 0101      00044                 movlb   0x01            ;Set BSR to 0x01 for banked addressing
001E 0E5A      00045                 movlw   0x5a            ;Place 0x5a in wreg
0020 6E00      00046                 movwf   FLAG            ;Copy wreg value into FLAG
0022 6000      00047 HERE            cpfslt  FLAG            ;Skips next instruction if contents of f < contents of wreg
0024 EF16 F000 00048 NLT             goto    PROCESS_CODE
0028 EF1A F000 00049 LT              goto    stop
               00050 
002C 0000      00051 PROCESS_CODE    nop                     ;Came to PROCESS_CODE since wreg not less than f
002E 0EA5      00052                 movlw   0xa5            ;Place 0xa5 in wreg
0030 EF11 F000 00053                 goto    HERE
               00054         
               00055 
0034 EF1A F000 00056 stop    goto            stop
               00057 


Errors   :       0
Warnings :       0 reported,       0 suppressed
Messages :       0 reported,       0 suppressed

