gpasm-0.13.7 beta               bz.asm      3-9-2015  08:01:11           PAGE  1


LOC  OBJECT CODE     LINE SOURCE TEXT
  VALUE
 
               00001 ;;;;;;; bz.asm ;;;;;;;;;;;;;;;;;;;;;;;;;;;;;;;;;;;;;;;;;;;;;;;;
               00002 ;
               00003 ;;;;;;; Program hierarchy ;;;;;;;;;;;;;;;;;;;;;;;;;;;;;;;;;;;;;;;;;;;;;;;;;;;;;
               00004 ;
               00005 ; Mainline
               00006 ;  
               00007 ;
               00008 ;;;;;;; Assembler directives ;;;;;;;;;;;;;;;;;;;;;;;;;;;;;;;;;;;;;;;;;;;;;;;;;;
               00009 
               00010         #include p18f452.inc
               00001         LIST
               00002 ; P18F452.INC  Standard Header File, Version 1.4   Microchip Technology, Inc.
               00983         LIST
               00011         list  P=PIC18F452, F=INHX32, C=160, N=0, ST=OFF, MM=OFF, R=DEC, X=ON
               00012 
               00013 ;;;;;;; Variables ;;;;;;;;;;;;;;;;;;;;;;;;;;;;;;;;;;;;;;;;;;;;;;;;;;;;;;;;;;;;;
               00014 
               00015         cblock  0x000           ;Beginning of Access RAM
               00016 
               00017         endc
               00018 
               00019 ;;;;;;; Macro definitions ;;;;;;;;;;;;;;;;;;;;;;;;;;;;;;;;;;;;;;;;;;;;;;;;;;;;;
               00020 
               00021 ;;;;;;; Vectors ;;;;;;;;;;;;;;;;;;;;;;;;;;;;;;;;;;;;;;;;;;;;;;;;;;;;;;;;;;;;;;;
               00022 
               00023 
0000           00024         org  0x0000             ;Reset vector
0000 0000      00025         nop
0002 EF0E F000 00026         goto  Mainline
               00027 
0008           00028         org  0x0008             ;High priority interrupt vector
0008 EF04 F000 00029         goto  $                 ;Trap
               00030 
0018           00031         org  0x0018             ;Low priority interrupt vector
0018 EF0C F000 00032         goto  $                 ;Trap
               00033 
               00034 ;;;;;;; Mainline program ;;;;;;;;;;;;;;;;;;;;;;;;;;;;;;;;;;;;;;;;;;;;;;;;;;;;;;
               00035 
001C 00036 Mainline
001C 0E04      00037                 movlw   4       ;Place 4 in wreg
001E 04E8      00038 here            decf    WREG, w ;Decrement wreg, place result back in wreg
0020 E002      00039                 bz      there   ;If wreg is 0 (if status Z bit is set), branch to label "there"
0022 EF0F F000 00040                 goto    here    ;if wreg not 0, go to label "here"
               00041 
0026 0EF1      00042 there           movlw   241     ;Place 241 in wreg
               00043 
0028 EF14 F000 00044 stop            goto            stop
               00045 


Errors   :       0
Warnings :       0 reported,       0 suppressed
Messages :       0 reported,       0 suppressed

