gpasm-0.13.7 beta               decf.asm    2-9-2015  16:30:21           PAGE  1


LOC  OBJECT CODE     LINE SOURCE TEXT
  VALUE
 
               00001 ;;;;;;; decfExample.asm ;;;;;;;;;;;;;;;;;;;;;;;;;;;;;;;;;;;;;;;;;;;;;;;;
               00002 ;
               00003 ;;;;;;; Program hierarchy ;;;;;;;;;;;;;;;;;;;;;;;;;;;;;;;;;;;;;;;;;;;;;;;;;;;;;
               00004 ;
               00005 ; Mainline
               00006 ;  
               00007 ;
               00008 ;;;;;;; Assembler directives ;;;;;;;;;;;;;;;;;;;;;;;;;;;;;;;;;;;;;;;;;;;;;;;;;;
               00009 
               00010         #include p18f452.inc
               00001         LIST
               00002 ; P18F452.INC  Standard Header File, Version 1.4   Microchip Technology, Inc.
               00983         LIST
               00011         list  P=PIC18F452, F=INHX32, C=160, N=0, ST=OFF, MM=OFF, R=DEC, X=ON
               00012 
               00013 ;;;;;;; Variables ;;;;;;;;;;;;;;;;;;;;;;;;;;;;;;;;;;;;;;;;;;;;;;;;;;;;;;;;;;;;;
               00014 
               00015         cblock  0x000           ;Beginning of Access RAM
               00016         temp
               00017         endc
               00018 
               00019 ;;;;;;; Macro definitions ;;;;;;;;;;;;;;;;;;;;;;;;;;;;;;;;;;;;;;;;;;;;;;;;;;;;;
               00020 
               00021 ;;;;;;; Vectors ;;;;;;;;;;;;;;;;;;;;;;;;;;;;;;;;;;;;;;;;;;;;;;;;;;;;;;;;;;;;;;;
               00022 
               00023 
0000           00024         org  0x0000             ;Reset vector
0000 0000      00025         nop
0002 EF0E F000 00026         goto  Mainline
               00027 
0008           00028         org  0x0008             ;High priority interrupt vector
0008 EF04 F000 00029         goto  $                 ;Trap
               00030 
0018           00031         org  0x0018             ;Low priority interrupt vector
0018 EF0C F000 00032         goto  $                 ;Trap
               00033 
               00034 ;;;;;;; Mainline program ;;;;;;;;;;;;;;;;;;;;;;;;;;;;;;;;;;;;;;;;;;;;;;;;;;;;;;
               00035 
001C 00036 Mainline
               00037 
001C 0E05      00038         movlw   5               ;Place 5 in wreg
001E 6E00      00039         movwf   temp            ;Place value of wreg in temp
0020 0400      00040         decf    temp, w         ;Decrement value in temp, place result in wreg
0022 0400      00041         decf    temp, 0         ;Same thing, wreg stays same since temp never changed
0024 0600      00042         decf    temp, f         ;Decrement value in temp, place result in temp
0026 0600      00043         decf    temp, f         ;Decrement value in temp, place result in temp
0028 0600      00044         decf    temp, f         ;Decrement value in temp, place result in temp
002A 0600      00045         decf    temp, f         ;Decrement value in temp, place result in temp
002C 0600      00046         decf    temp, 1         ;Decrement, status register bit 2 (Z) goes high
002E 0600      00047         decf    temp, 1         ;Decrement, status register bit 4 (N) goes high, (Z) low
0030 0E80      00048         movlw   B'10000000'     ;Place 128 in wreg
0032 04E8      00049         decf    WREG, w         ;Decrement, status register bit 4 (N) goes low
               00050                                         
0034 EF1A F000 00051 stop    goto    stop
               00052 


Errors   :       0
Warnings :       0 reported,       0 suppressed
Messages :       0 reported,       0 suppressed

