gpasm-0.13.7 beta               subwfb.asm  3-12-2015  14:26:39          PAGE  1


LOC  OBJECT CODE     LINE SOURCE TEXT
  VALUE
 
               00001 ;;;;;;; subwfb.asm ;;;;;;;;;;;;;;;;;;;;;;;;;;;;;;;;;;;;;;;;;;;;;;;;
               00002 ;
               00003 ;This program tests operation of subwfb instruction. Subwfb subtracts wreg and borrow
               00004 ;flag (carry) from f (two's complement method).
               00005 ;
               00006 ;;;;;;; Program hierarchy ;;;;;;;;;;;;;;;;;;;;;;;;;;;;;;;;;;;;;;;;;;;;;;;;;;;;;
               00007 ;
               00008 ; Mainline
               00009 ;  
               00010 ;
               00011 ;;;;;;; Assembler directives ;;;;;;;;;;;;;;;;;;;;;;;;;;;;;;;;;;;;;;;;;;;;;;;;;;
               00012 
               00013         #include p18f452.inc
               00001         LIST
               00002 ; P18F452.INC  Standard Header File, Version 1.4   Microchip Technology, Inc.
               00983         LIST
               00014         list  P=PIC18F452, F=INHX32, C=160, N=0, ST=OFF, MM=OFF, R=DEC, X=ON
               00015 
               00016 ;;;;;;; Variables ;;;;;;;;;;;;;;;;;;;;;;;;;;;;;;;;;;;;;;;;;;;;;;;;;;;;;;;;;;;;;
               00017 
               00018         cblock  0x000           ;Beginning of Access RAM
               00019         REG1
               00020         endc
               00021 
               00022 ;;;;;;; Macro definitions ;;;;;;;;;;;;;;;;;;;;;;;;;;;;;;;;;;;;;;;;;;;;;;;;;;;;;
               00023 
               00024 ;;;;;;; Vectors ;;;;;;;;;;;;;;;;;;;;;;;;;;;;;;;;;;;;;;;;;;;;;;;;;;;;;;;;;;;;;;;
               00025 
               00026 
0000           00027         org  0x0000             ;Reset vector
0000 0000      00028         nop
0002 EF0E F000 00029         goto  Mainline
               00030 
0008           00031         org  0x0008             ;High priority interrupt vector
0008 EF04 F000 00032         goto  $                 ;Trap
               00033 
0018           00034         org  0x0018             ;Low priority interrupt vector
0018 EF0C F000 00035         goto  $                 ;Trap
               00036 
               00037 ;;;;;;; Mainline program ;;;;;;;;;;;;;;;;;;;;;;;;;;;;;;;;;;;;;;;;;;;;;;;;;;;;;;
               00038 
001C 00039 Mainline
               00040 
               00041 ;Example 1:
               00042 ;Case 1:
               00043 
001C 80D8      00044         bsf     STATUS, 0       ;Set status register carry (borrow) bit 
001E 0E03      00045         movlw   0x03            ;Place 0x03 in wreg
0020 6E00      00046         movwf   REG1            ;Copy wreg to REG1
0022 0E02      00047         movlw   0x02            ;Place 0x02 in wreg
0024 5A00      00048         subwfb  REG1, 1         ;Subtract wreg and borrow bit from REG1,
               00049                                 ;REG1: 0x01, status register C, DC bits are set
               00050 
               00051 ;Case 2:
               00052 
0026 80D8      00053         bsf     STATUS, 0       ;Set status register carry (borrow) bit 
0028 0E02      00054         movlw   0x02            ;Place 0x02 in wreg
002A 6E00      00055         movwf   REG1            ;Copy wreg to REG1
002C 0E02      00056         movlw   0x02            ;Place 0x02 in wreg
002E 5A00      00057         subwfb  REG1, 1         ;Subtract wreg and borrow bit from REG1,
               00058                                 ;REG1: 0x00, status register C, DC, Z bits are set
               00059 
               00060 ;Case 3:
               00061 
0030 80D8      00062         bsf     STATUS, 0       ;Set status register carry (borrow) bit 
0032 0E01      00063         movlw   0x01            ;Place 0x01 in wreg
0034 6E00      00064         movwf   REG1            ;Copy wreg to REG1
0036 0E02      00065         movlw   0x02            ;Place 0x02 in wreg
0038 5A00      00066         subwfb  REG1, 1         ;Subtract wreg and borrow bit from REG1,
               00067                                 ;REG1: 0xff, status register N bit is set
               00068         
               00069 
003A EF1D F000 00070 stop    goto            stop
               00071 


Errors   :       0
Warnings :       0 reported,       0 suppressed
Messages :       0 reported,       0 suppressed

