gpasm-0.13.7 beta               movf.asm    2-14-2015  20:05:17          PAGE  1


LOC  OBJECT CODE     LINE SOURCE TEXT
  VALUE
 
               00001 ;;;;;;; movf.asm ;;;;;;;;;;;;;;;;;;;;;;;;;;;;;;;;;;;;;;;;;;;;;;;;
               00002 ;
               00003 ;This program tests operation of movf instruction. Contents of register f
               00004 ;are moved to either f or wreg
               00005 ;
               00006 ;;;;;;; Program hierarchy ;;;;;;;;;;;;;;;;;;;;;;;;;;;;;;;;;;;;;;;;;;;;;;;;;;;;;
               00007 ;
               00008 ; Mainline
               00009 ;  
               00010 ;
               00011 ;;;;;;; Assembler directives ;;;;;;;;;;;;;;;;;;;;;;;;;;;;;;;;;;;;;;;;;;;;;;;;;;
               00012 
               00013         #include p18f452.inc
               00001         LIST
               00002 ; P18F452.INC  Standard Header File, Version 1.4   Microchip Technology, Inc.
               00983         LIST
               00014         list  P=PIC18F452, F=INHX32, C=160, N=0, ST=OFF, MM=OFF, R=DEC, X=ON
               00015 
               00016 ;;;;;;; Variables ;;;;;;;;;;;;;;;;;;;;;;;;;;;;;;;;;;;;;;;;;;;;;;;;;;;;;;;;;;;;;
               00017 
               00018         cblock  0x000           ;Beginning of Access RAM
               00019         temp1
               00020         temp2
               00021         endc
               00022 
               00023 ;;;;;;; Macro definitions ;;;;;;;;;;;;;;;;;;;;;;;;;;;;;;;;;;;;;;;;;;;;;;;;;;;;;
               00024 
               00025 ;;;;;;; Vectors ;;;;;;;;;;;;;;;;;;;;;;;;;;;;;;;;;;;;;;;;;;;;;;;;;;;;;;;;;;;;;;;
               00026 
               00027 
0000           00028         org  0x0000             ;Reset vector
0000 0000      00029         nop
0002 EF0E F000 00030         goto  Mainline
               00031 
0008           00032         org  0x0008             ;High priority interrupt vector
0008 EF04 F000 00033         goto  $                 ;Trap
               00034 
0018           00035         org  0x0018             ;Low priority interrupt vector
0018 EF0C F000 00036         goto  $                 ;Trap
               00037 
               00038 ;;;;;;; Mainline program ;;;;;;;;;;;;;;;;;;;;;;;;;;;;;;;;;;;;;;;;;;;;;;;;;;;;;;
               00039 
001C 00040 Mainline
               00041 
001C 0E00      00042                 movlw           0x00
001E 6E00      00043                 movwf           temp1
0020 5200      00044                 movf            temp1, f
0022 0E80      00045                 movlw           0x80
0024 6E00      00046                 movwf           temp1
0026 0E00      00047                 movlw           0x00
0028 5000      00048                 movf            temp1, w
               00049 
002A EF15 F000 00050 stop            goto            stop
               00051 


Errors   :       0
Warnings :       0 reported,       0 suppressed
Messages :       0 reported,       0 suppressed

