gpasm-0.13.7 beta               subwf.asm   3-12-2015  13:22:08          PAGE  1


LOC  OBJECT CODE     LINE SOURCE TEXT
  VALUE
 
               00001 ;;;;;;; subwf.asm ;;;;;;;;;;;;;;;;;;;;;;;;;;;;;;;;;;;;;;;;;;;;;;;;
               00002 ;
               00003 ;This program tests operation of subwf instruction. Subwf subtracts wreg from
               00004 ;register f (two's complement method). This instruction is tested 
               00005 ;according to the examples in the pic18 user manual.
               00006 ;
               00007 ;;;;;;; Program hierarchy ;;;;;;;;;;;;;;;;;;;;;;;;;;;;;;;;;;;;;;;;;;;;;;;;;;;;;
               00008 ;
               00009 ; Mainline
               00010 ;  
               00011 ;
               00012 ;;;;;;; Assembler directives ;;;;;;;;;;;;;;;;;;;;;;;;;;;;;;;;;;;;;;;;;;;;;;;;;;
               00013 
               00014         #include p18f452.inc
               00001         LIST
               00002 ; P18F452.INC  Standard Header File, Version 1.4   Microchip Technology, Inc.
               00983         LIST
               00015         list  P=PIC18F452, F=INHX32, C=160, N=0, ST=OFF, MM=OFF, R=DEC, X=ON
               00016 
               00017 ;;;;;;; Variables ;;;;;;;;;;;;;;;;;;;;;;;;;;;;;;;;;;;;;;;;;;;;;;;;;;;;;;;;;;;;;
               00018 
               00019         cblock  0x000           ;Beginning of Access RAM
               00020         REG1
               00021         endc
               00022 
               00023 ;;;;;;; Macro definitions ;;;;;;;;;;;;;;;;;;;;;;;;;;;;;;;;;;;;;;;;;;;;;;;;;;;;;
               00024 
               00025 ;;;;;;; Vectors ;;;;;;;;;;;;;;;;;;;;;;;;;;;;;;;;;;;;;;;;;;;;;;;;;;;;;;;;;;;;;;;
               00026 
               00027 
0000           00028         org  0x0000             ;Reset vector
0000 0000      00029         nop
0002 EF0E F000 00030         goto  Mainline
               00031 
0008           00032         org  0x0008             ;High priority interrupt vector
0008 EF04 F000 00033         goto  $                 ;Trap
               00034 
0018           00035         org  0x0018             ;Low priority interrupt vector
0018 EF0C F000 00036         goto  $                 ;Trap
               00037 
               00038 ;;;;;;; Mainline program ;;;;;;;;;;;;;;;;;;;;;;;;;;;;;;;;;;;;;;;;;;;;;;;;;;;;;;
               00039 
001C 00040 Mainline
               00041 
               00042 ;Example 1:
               00043 ;Case 1:
               00044 
001C 0101      00045         movlb   0x01            ;Select bank 1 of data memory
001E 0E03      00046         movlw   0x03            ;Place 0x03 in wreg
0020 6F00      00047         movwf   REG1, 1         ;Copy wreg to REG1
0022 0E02      00048         movlw   0x02            ;Place 0x02 in wreg
0024 5F00      00049         subwf   REG1, 1, 1      ;Subtract wreg from REG1 (at 0x100), result in f
               00050                                 ;REG1: 0x01, status register C, DC are set
               00051 ;Case 2:
               00052 
0026 0E02      00053         movlw   0x02            ;Place 0x02 in wreg
0028 6F00      00054         movwf   REG1, 1         ;Copy wreg to REG1
002A 0E02      00055         movlw   0x02            ;Place 0x02 in wreg
002C 5F00      00056         subwf   REG1, 1, 1      ;Subtract wreg from REG1 (at 0x100), result in f
               00057                                 ;REG1: 0x00, status register C, DC, Z bits are set
               00058 
               00059 ;Case 3:
               00060 
002E 0E01      00061         movlw   0x01            ;Place 0x01 in wreg
0030 6F00      00062         movwf   REG1, 1         ;Copy wreg to REG1
0032 0E02      00063         movlw   0x02            ;Place 0x02 in wreg
0034 5F00      00064         subwf   REG1, 1, 1      ;Subtract wreg from REG1 (at 0x100), result in f
               00065                                 ;REG1: 0xff, status register N bit is set
               00066         
0036 EF1B F000 00067 stop    goto            stop
               00068 


Errors   :       0
Warnings :       0 reported,       0 suppressed
Messages :       0 reported,       0 suppressed

