gpasm-0.13.7 beta               lfsr.asm    2-14-2015  12:26:31          PAGE  1


LOC  OBJECT CODE     LINE SOURCE TEXT
  VALUE
 
               00001 ;;;;;;; lfsr.asm ;;;;;;;;;;;;;;;;;;;;;;;;;;;;;;;;;;;;;;;;;;;;;;;;
               00002 ;
               00003 ;Shows function of lfsr instruction, writes a value to indf register
               00004 ;
               00005 ;
               00006 ;;;;;;; Program hierarchy ;;;;;;;;;;;;;;;;;;;;;;;;;;;;;;;;;;;;;;;;;;;;;;;;;;;;;
               00007 ;
               00008 ; Mainline
               00009 ;  
               00010 ;
               00011 ;;;;;;; Assembler directives ;;;;;;;;;;;;;;;;;;;;;;;;;;;;;;;;;;;;;;;;;;;;;;;;;;
               00012 
               00013         #include p18f452.inc
               00001         LIST
               00002 ; P18F452.INC  Standard Header File, Version 1.4   Microchip Technology, Inc.
               00983         LIST
               00014         list  P=PIC18F452, F=INHX32, C=160, N=0, ST=OFF, MM=OFF, R=DEC, X=ON
               00015 
               00016 ;;;;;;; Variables ;;;;;;;;;;;;;;;;;;;;;;;;;;;;;;;;;;;;;;;;;;;;;;;;;;;;;;;;;;;;;
               00017 
               00018         cblock  0x000           ;Beginning of Access RAM
               00019 
               00020         endc
               00021 
               00022 ;;;;;;; Macro definitions ;;;;;;;;;;;;;;;;;;;;;;;;;;;;;;;;;;;;;;;;;;;;;;;;;;;;;
               00023 
               00024 ;;;;;;; Vectors ;;;;;;;;;;;;;;;;;;;;;;;;;;;;;;;;;;;;;;;;;;;;;;;;;;;;;;;;;;;;;;;
               00025 
               00026 
0000           00027         org  0x0000             ;Reset vector
0000 0000      00028         nop
0002 EF0E F000 00029         goto  Mainline
               00030 
0008           00031         org  0x0008             ;High priority interrupt vector
0008 EF04 F000 00032         goto  $                 ;Trap
               00033 
0018           00034         org  0x0018             ;Low priority interrupt vector
0018 EF0C F000 00035         goto  $                 ;Trap
               00036 
               00037 ;;;;;;; Mainline program ;;;;;;;;;;;;;;;;;;;;;;;;;;;;;;;;;;;;;;;;;;;;;;;;;;;;;;
               00038 
001C 00039 Mainline
               00040 ;This portion tests writing function of indf by loading an address in fsr and
               00041 ;then writing to indf0, 1, and 2. Value in wreg is written to access memory 
               00042 ;locations 0x105, 0x107, and 0x109.
               00043 
001C EE01 F005 00044         lfsr    0, 0x105        ;Loads FSR0 with 0x105
0020 0EF1      00045         movlw   241             ;Places 241 in wreg
0022 6EEF      00046         movwf   INDF0           ;Places wreg value into mem location pointed to by FSR0 (0x105)
               00047 
0024 EE11 F007 00048         lfsr    1, 0x107        ;Loads FSR1 with 0x107
0028 0EA3      00049         movlw   163             ;Places 163 in wreg
002A 6EE7      00050         movwf   INDF1           ;Places wreg value into mem location pointed to by FSR0 (0x107)
               00051 
002C EE21 F009 00052         lfsr    2, 0x109        ;Loads FSR2 with 0x109
0030 0EC9      00053         movlw   201             ;Places 201 in wreg
0032 6EDF      00054         movwf   INDF2           ;Places wreg value into mem location pointed to by FSR0 (0x109)
               00055 
               00056 
0034 EF1A F000 00057 stop    goto            stop
               00058 


Errors   :       0
Warnings :       0 reported,       0 suppressed
Messages :       0 reported,       0 suppressed

