gpasm-0.13.7 beta               incf.asm    3-9-2015  21:39:42           PAGE  1


LOC  OBJECT CODE     LINE SOURCE TEXT
  VALUE
 
               00001 ;;;;;;; incf.asm ;;;;;;;;;;;;;;;;;;;;;;;;;;;;;;;;;;;;;;;;;;;;;;;;
               00002 ;
               00003 ;This program tests the operation of the incf instruction. Incf increments
               00004 ;the contents of register f.
               00005 ;
               00006 ;
               00007 ;;;;;;; Program hierarchy ;;;;;;;;;;;;;;;;;;;;;;;;;;;;;;;;;;;;;;;;;;;;;;;;;;;;;
               00008 ;
               00009 ; Mainline
               00010 ;  
               00011 ;
               00012 ;;;;;;; Assembler directives ;;;;;;;;;;;;;;;;;;;;;;;;;;;;;;;;;;;;;;;;;;;;;;;;;;
               00013 
               00014         list  P=PIC18F452, F=INHX32, C=160, N=0, ST=OFF, MM=OFF, R=DEC, X=ON
               00015         #include p18f452.inc
               00001         LIST
               00002 ; P18F452.INC  Standard Header File, Version 1.4   Microchip Technology, Inc.
               00983         LIST
               00016 
               00017 ;;;;;;; Variables ;;;;;;;;;;;;;;;;;;;;;;;;;;;;;;;;;;;;;;;;;;;;;;;;;;;;;;;;;;;;;
               00018 
               00019                         cblock  0x000           ;Beginning of Access RAM
               00020                         CNT
               00021                         endc
               00022 
               00023 ;;;;;;; Macro definitions ;;;;;;;;;;;;;;;;;;;;;;;;;;;;;;;;;;;;;;;;;;;;;;;;;;;;;
               00024 
               00025 ;;;;;;; Vectors ;;;;;;;;;;;;;;;;;;;;;;;;;;;;;;;;;;;;;;;;;;;;;;;;;;;;;;;;;;;;;;;
               00026 
               00027 
0000           00028         org  0x0000             ;Reset vector
0000 0000      00029         nop
0002 EF0E F000 00030         goto  Mainline
               00031 
0008           00032         org  0x0008             ;High priority interrupt vector
0008 EF04 F000 00033         goto  $                 ;Trap
               00034 
0018           00035         org  0x0018             ;Low priority interrupt vector
0018 EF0C F000 00036         goto  $                 ;Trap
               00037 
               00038 ;;;;;;; Mainline program ;;;;;;;;;;;;;;;;;;;;;;;;;;;;;;;;;;;;;;;;;;;;;;;;;;;;;;
               00039 
001C 00040 Mainline
               00041 
               00042 ;Example 1:
               00043 
001C 0101      00044         movlb   0x01            ;Set banked addressing to use bank 1
001E 0EFF      00045         movlw   0xff            ;Place 0xff in wreg
0020 6F00      00046         movwf   CNT, 1          ;Copy contents of wreg to CNT
0022 2B00      00047         incf    CNT, 1, 1       ;Using banked addressing, increment register CNT
               00048 
               00049 ;Example 2:
               00050 
0024 EE00 F0C2 00051         lfsr    0, 0x0c2        ;Place 0x0c2 in FSR0
0028 0EFF      00052         movlw   0xff            ;Place 0xff in wreg
002A 6FEF      00053         movwf   INDF0, 1        ;Copy wreg to register pointed to by FSR0
002C 2BEF      00054         incf    INDF0, 1, 1     ;Increment register pointed to by FSR0
               00055 
               00056 ;Example 3:
               00057 
002E 0E10      00058         movlw   0x10            ;Place 0x10 in wreg
0030 6F00      00059         movwf   CNT, 1          ;Copy wreg to CNT
0032 2900      00060         incf    CNT, 0, 1       ;Increment contents of CNT, place result in wreg,
               00061                                 ;value in CNT does not change
               00062                 
               00063 
0034 EF1A F000 00064 stop            goto            stop
               00065 


Errors   :       0
Warnings :       0 reported,       0 suppressed
Messages :       0 reported,       0 suppressed

