gpasm-0.13.7 beta               bc.asm      3-7-2015  11:47:00           PAGE  1


LOC  OBJECT CODE     LINE SOURCE TEXT
  VALUE
 
               00001 ;;;;;;; bc.asm ;;;;;;;;;;;;;;;;;;;;;;;;;;;;;;;;;;;;;;;;;;;;;;;;
               00002 ;
               00003 ;This program tests operation of bcf according to examples in the PIC18 user
               00004 ;manual. Bcf clears the specified bit in the specified register.
               00005 ;
               00006 ;;;;;;; Program hierarchy ;;;;;;;;;;;;;;;;;;;;;;;;;;;;;;;;;;;;;;;;;;;;;;;;;;;;;
               00007 ;
               00008 ; Mainline
               00009 ;  
               00010 ;
               00011 ;;;;;;; Assembler directives ;;;;;;;;;;;;;;;;;;;;;;;;;;;;;;;;;;;;;;;;;;;;;;;;;;
               00012 
               00013         list  P=PIC18F452, F=INHX32, C=160, N=0, ST=OFF, MM=OFF, R=DEC, X=ON
               00014         #include p18f452.inc
               00001         LIST
               00002 ; P18F452.INC  Standard Header File, Version 1.4   Microchip Technology, Inc.
               00983         LIST
               00015 
               00016 ;;;;;;; Variables ;;;;;;;;;;;;;;;;;;;;;;;;;;;;;;;;;;;;;;;;;;;;;;;;;;;;;;;;;;;;;
               00017 
               00018         cblock  0x000           ;Beginning of Access RAM
               00019         MYREG   
               00020         endc
               00021 
               00022 ;;;;;;; Macro definitions ;;;;;;;;;;;;;;;;;;;;;;;;;;;;;;;;;;;;;;;;;;;;;;;;;;;;;
               00023 
               00024 ;;;;;;; Vectors ;;;;;;;;;;;;;;;;;;;;;;;;;;;;;;;;;;;;;;;;;;;;;;;;;;;;;;;;;;;;;;;
               00025 
               00026 
0000           00027         org  0x0000             ;Reset vector
0000 0000      00028         nop
0002 EF0E F000 00029         goto  Mainline
               00030 
0008           00031         org  0x0008             ;High priority interrupt vector
0008 EF04 F000 00032         goto  $                 ;Trap
               00033 
0018           00034         org  0x0018             ;Low priority interrupt vector
0018 EF0C F000 00035         goto  $                 ;Trap
               00036 
               00037 ;;;;;;; Mainline program ;;;;;;;;;;;;;;;;;;;;;;;;;;;;;;;;;;;;;;;;;;;;;;;;;;;;;;
               00038 
001C 00039 Mainline
               00040 ;Example 1:
               00041 ;Case 1:
               00042 
001C 90D8      00043                 bcf     STATUS, 0       ;Clear carry bit in status register
001E E204      00044 HERE1           bc      C_CODE          ;If carry bit is set, brance to label C_CODE
0020 0000      00045 NOT_C           nop                     ;
0022 0000      00046                 nop                     ;
0024 EF19 F000 00047                 goto    MORE_CODE       ;Since carry bit was not set, execute this MORE_CODE
0028 0000      00048 C_CODE          nop
002A 0000      00049                 nop
002C 90D8      00050                 bcf     STATUS, 0       ;Clear carry bit in status register
002E EF1C F000 00051                 goto    HERE2
0032 80D8      00052 MORE_CODE       bsf     STATUS, 0       ;Set carry bit in status register
0034 EF0F F000 00053                 goto    HERE1           ;Go back to label HERE1, this time with carry bit set
               00054 
               00055 ;Examples 2, 3:
               00056 ;Cases 1, 2:
               00057         
  0000000A     00058 OFFSET  equ     10                      ;Set constant OFFSET to 5
0038 E204      00059 HERE2           bc      $ + OFFSET      ;If carry bit set, branch to HERE2 + OFFSET
003A 70D8      00060                 btg     STATUS, 0       ;Toggle carry bit in status register
003C 0000      00061 NO_C            nop
003E EF1C F000 00062                 goto    HERE2           ;Go to label HERE2
0042 70D8      00063                 btg     STATUS, 0       ;Branches here after $ + OFFSET since OFFSET is 10
               00064                                         ;and carry bit is set.
0044 0000      00065                 nop                     
0046 0000      00066                 nop                     
0048 0000      00067                 nop
004A 0000      00068                 nop
004C 70D8      00069                 btg     STATUS, 0
004E E2FA      00070 HERE3           bc      $ - OFFSET      ;If carry bit set, branch to HERE3 - OFFSET
               00071 
               00072 
0050 EF28 F000 00073 stop    goto    stop
               00074 


Errors   :       0
Warnings :       0 reported,       0 suppressed
Messages :       0 reported,       0 suppressed

