gpasm-0.13.7 beta               infsnz.asm  3-10-2015  09:29:31          PAGE  1


LOC  OBJECT CODE     LINE SOURCE TEXT
  VALUE
 
               00001 ;;;;;;; infsnz.asm ;;;;;;;;;;;;;;;;;;;;;;;;;;;;;;;;;;;;;;;;;;;;;;;;
               00002 ;
               00003 ;This program tests the infsnz instruction. Infsnz increments the contents of 
               00004 ;register f. If the result is not equal to 0, the next instruction is skipped.
               00005 ;
               00006 ;
               00007 ;;;;;;; Program hierarchy ;;;;;;;;;;;;;;;;;;;;;;;;;;;;;;;;;;;;;;;;;;;;;;;;;;;;;
               00008 ;
               00009 ; Mainline
               00010 ;  
               00011 ;
               00012 ;;;;;;; Assembler directives ;;;;;;;;;;;;;;;;;;;;;;;;;;;;;;;;;;;;;;;;;;;;;;;;;;
               00013 
               00014         #include p18f452.inc
               00001         LIST
               00002 ; P18F452.INC  Standard Header File, Version 1.4   Microchip Technology, Inc.
               00983         LIST
               00015         list  P=PIC18F452, F=INHX32, C=160, N=0, ST=OFF, MM=OFF, R=DEC, X=ON
               00016 
               00017 ;;;;;;; Variables ;;;;;;;;;;;;;;;;;;;;;;;;;;;;;;;;;;;;;;;;;;;;;;;;;;;;;;;;;;;;;
               00018 
               00019         cblock  0x000           ;Beginning of Access RAM
               00020         CNT
               00021         endc
               00022 
               00023 ;;;;;;; Macro definitions ;;;;;;;;;;;;;;;;;;;;;;;;;;;;;;;;;;;;;;;;;;;;;;;;;;;;;
               00024 
               00025 ;;;;;;; Vectors ;;;;;;;;;;;;;;;;;;;;;;;;;;;;;;;;;;;;;;;;;;;;;;;;;;;;;;;;;;;;;;;
               00026 
               00027 
0000           00028         org  0x0000             ;Reset vector
0000 0000      00029         nop
0002 EF0E F000 00030         goto  Mainline
               00031 
0008           00032         org  0x0008             ;High priority interrupt vector
0008 EF04 F000 00033         goto  $                 ;Trap
               00034 
0018           00035         org  0x0018             ;Low priority interrupt vector
0018 EF0C F000 00036         goto  $                 ;Trap
               00037 
               00038 ;;;;;;; Mainline program ;;;;;;;;;;;;;;;;;;;;;;;;;;;;;;;;;;;;;;;;;;;;;;;;;;;;;;
               00039 
001C 00040 Mainline
               00041         
001C 0101      00042                 movlb   0x01            ;Set banked addressing for bank 1
001E 0EFF      00043                 movlw   0xff            ;Place 0xff in wreg
0020 6F00      00044                 movwf   CNT, 1          ;Copy wreg value to CNT
0022 4B00      00045 HERE            infsnz  CNT, 1, 1       ;Increment contents of f, skip next instruction if not zero
0024 EF16 F000 00046                 goto    ZERO
0028 EF1A F000 00047                 goto    stop
002C 0E00      00048 ZERO            movlw   0x00            ;Place 0 in wreg
002E 6F00      00049                 movwf   CNT, 1          ;Copy wreg value into CNT
0030 EF11 F000 00050                 goto    HERE
               00051         
               00052 
0034 EF1A F000 00053 stop            goto            stop
               00054 


Errors   :       0
Warnings :       0 reported,       0 suppressed
Messages :       0 reported,       0 suppressed

