gpasm-0.13.7 beta               bcf.asm     3-4-2015  04:16:24           PAGE  1


LOC  OBJECT CODE     LINE SOURCE TEXT
  VALUE
 
               00001 ;;;;;;; bcf.asm ;;;;;;;;;;;;;;;;;;;;;;;;;;;;;;;;;;;;;;;;;;;;;;;;
               00002 ;
               00003 ;;;;;;; Program hierarchy ;;;;;;;;;;;;;;;;;;;;;;;;;;;;;;;;;;;;;;;;;;;;;;;;;;;;;
               00004 ;
               00005 ; Mainline
               00006 ;  
               00007 ;
               00008 ;;;;;;; Assembler directives ;;;;;;;;;;;;;;;;;;;;;;;;;;;;;;;;;;;;;;;;;;;;;;;;;;
               00009 
               00010         list  P=PIC18F452, F=INHX32, C=160, N=0, ST=OFF, MM=OFF, R=DEC, X=ON
               00011         #include p18f452.inc
               00001         LIST
               00002 ; P18F452.INC  Standard Header File, Version 1.4   Microchip Technology, Inc.
               00983         LIST
               00012 
               00013 ;;;;;;; Variables ;;;;;;;;;;;;;;;;;;;;;;;;;;;;;;;;;;;;;;;;;;;;;;;;;;;;;;;;;;;;;
               00014 
               00015                         cblock  0x000           ;Beginning of Access RAM
               00016                         temp1
               00017                         temp2
               00018                         endc
               00019 
               00020 ;;;;;;; Macro definitions ;;;;;;;;;;;;;;;;;;;;;;;;;;;;;;;;;;;;;;;;;;;;;;;;;;;;;
               00021 
               00022 ;;;;;;; Vectors ;;;;;;;;;;;;;;;;;;;;;;;;;;;;;;;;;;;;;;;;;;;;;;;;;;;;;;;;;;;;;;;
               00023 
               00024 
0000           00025         org  0x0000             ;Reset vector
0000 0000      00026         nop
0002 EF0E F000 00027         goto  Mainline
               00028 
0008           00029         org  0x0008             ;High priority interrupt vector
0008 EF04 F000 00030         goto  $                 ;Trap
               00031 
0018           00032         org  0x0018             ;Low priority interrupt vector
0018 EF0C F000 00033         goto  $                 ;Trap
               00034 
               00035 ;;;;;;; Mainline program ;;;;;;;;;;;;;;;;;;;;;;;;;;;;;;;;;;;;;;;;;;;;;;;;;;;;;;
               00036 
001C 00037 Mainline
               00038 
001C 0EFF      00039 start           movlw           0xff
001E 6E80      00040                 movwf           PORTA
0020 9280      00041                 bcf             PORTA, RA1
0022 0EFF      00042                 movlw           0xff
0024 6E82      00043                 movwf           PORTC
0026 9C82      00044                 bcf             PORTC, RC6
0028 EF14 F000 00045 stop            goto            stop
               00046 


Errors   :       0
Warnings :       0 reported,       0 suppressed
Messages :       0 reported,       0 suppressed

