gpasm-0.13.7 beta               bcf.asm     3-5-2015  05:06:54           PAGE  1


LOC  OBJECT CODE     LINE SOURCE TEXT
  VALUE
 
               00001 ;;;;;;; bcf.asm ;;;;;;;;;;;;;;;;;;;;;;;;;;;;;;;;;;;;;;;;;;;;;;;;
               00002 ;
               00003 ;This program tests operation of bcf according to examples in the PIC18 user
               00004 ;manual. Bcf clears the specified bit in the specified register.
               00005 ;
               00006 ;;;;;;; Program hierarchy ;;;;;;;;;;;;;;;;;;;;;;;;;;;;;;;;;;;;;;;;;;;;;;;;;;;;;
               00007 ;
               00008 ; Mainline
               00009 ;  
               00010 ;
               00011 ;;;;;;; Assembler directives ;;;;;;;;;;;;;;;;;;;;;;;;;;;;;;;;;;;;;;;;;;;;;;;;;;
               00012 
               00013         list  P=PIC18F452, F=INHX32, C=160, N=0, ST=OFF, MM=OFF, R=DEC, X=ON
               00014         #include p18f452.inc
               00001         LIST
               00002 ; P18F452.INC  Standard Header File, Version 1.4   Microchip Technology, Inc.
               00983         LIST
               00015 
               00016 ;;;;;;; Variables ;;;;;;;;;;;;;;;;;;;;;;;;;;;;;;;;;;;;;;;;;;;;;;;;;;;;;;;;;;;;;
               00017 
               00018         cblock  0x000           ;Beginning of Access RAM
               00019         MYREG   
               00020         endc
               00021 
               00022 ;;;;;;; Macro definitions ;;;;;;;;;;;;;;;;;;;;;;;;;;;;;;;;;;;;;;;;;;;;;;;;;;;;;
               00023 
               00024 ;;;;;;; Vectors ;;;;;;;;;;;;;;;;;;;;;;;;;;;;;;;;;;;;;;;;;;;;;;;;;;;;;;;;;;;;;;;
               00025 
               00026 
0000           00027         org  0x0000             ;Reset vector
0000 0000      00028         nop
0002 EF0E F000 00029         goto  Mainline
               00030 
0008           00031         org  0x0008             ;High priority interrupt vector
0008 EF04 F000 00032         goto  $                 ;Trap
               00033 
0018           00034         org  0x0018             ;Low priority interrupt vector
0018 EF0C F000 00035         goto  $                 ;Trap
               00036 
               00037 ;;;;;;; Mainline program ;;;;;;;;;;;;;;;;;;;;;;;;;;;;;;;;;;;;;;;;;;;;;;;;;;;;;;
               00038 
001C 00039 Mainline
               00040 ;Example 1:
               00041 
001C 0102      00042         movlb   2               ;Specify bank 2 (addresses starting at 0x200)
001E 0EC7      00043         movlw   0xc7            ;Place 0xc7 in wreg
0020 6F00      00044         movwf   MYREG, 1        ;Copy wreg value int MYREG at address 0x200
0022 9F00      00045         bcf     MYREG, 7, 1     ;Clear bit 7 of MYREG
               00046 
               00047 ;Example 2:
               00048         
0024 EE13 F0C2 00049         lfsr    1, 0x3c2        ;Load FSR with 0x3c2
0028 0E2F      00050         movlw   0x2f            ;Place 0x2f in wreg
002A 6EE7      00051         movwf   INDF1           ;Copy wreg to register pointed to by FSR1
002C 96E7      00052         bcf     INDF1, 3, 0     ;Clear bit 7 in register pointed to by FSR1
               00053 
               00054 
002E EF17 F000 00055 stop            goto            stop
               00056 


Errors   :       0
Warnings :       0 reported,       0 suppressed
Messages :       0 reported,       0 suppressed

