gpasm-0.13.7 beta               negf.asm    3-7-2015  08:09:25           PAGE  1


LOC  OBJECT CODE     LINE SOURCE TEXT
  VALUE
 
               00001 ;;;;;;; negf.asm ;;;;;;;;;;;;;;;;;;;;;;;;;;;;;;;;;;;;;;;;;;;;;;;;
               00002 ;
               00003 ;This program tests the negf instruction. Negf negates the value in register
               00004 ;f using two's complement. The result is placed in register f.
               00005 ;
               00006 ;
               00007 ;;;;;;; Program hierarchy ;;;;;;;;;;;;;;;;;;;;;;;;;;;;;;;;;;;;;;;;;;;;;;;;;;;;;
               00008 ;
               00009 ; Mainline
               00010 ;  
               00011 ;
               00012 ;;;;;;; Assembler directives ;;;;;;;;;;;;;;;;;;;;;;;;;;;;;;;;;;;;;;;;;;;;;;;;;;
               00013 
               00014         list  P=PIC18F452, F=INHX32, C=160, N=0, ST=OFF, MM=OFF, R=DEC, X=ON
               00015         #include p18f452.inc
               00001         LIST
               00002 ; P18F452.INC  Standard Header File, Version 1.4   Microchip Technology, Inc.
               00983         LIST
300000 FAFF    00016         __CONFIG  _CONFIG1H, _HS_OSC_1H  ;HS oscillator
               00017         __CONFIG  _CONFIG2L, _PWRT_ON_2L & _BOR_ON_2L & _BORV_42_2L  ;Reset
300002 FEF6    00018         __CONFIG  _CONFIG2H, _WDT_OFF_2H  ;Watchdog timer disabled
300004 FFFF    00019         __CONFIG  _CONFIG3H, _CCP2MX_ON_3H  ;CCP2 to RC1 (rather than to RB3)
300006 FFFB    00020         __CONFIG  _CONFIG4L, _LVP_OFF_4L  ;RB5 enabled for I/O
               00021 
               00022 ;;;;;;; Variables ;;;;;;;;;;;;;;;;;;;;;;;;;;;;;;;;;;;;;;;;;;;;;;;;;;;;;;;;;;;;;
               00023 
               00024         cblock  0x000           ;Beginning of Access RAM
               00025         MYREG
               00026         endc
               00027 
               00028 ;;;;;;; Macro definitions ;;;;;;;;;;;;;;;;;;;;;;;;;;;;;;;;;;;;;;;;;;;;;;;;;;;;;
               00029 
               00030 ;;;;;;; Vectors ;;;;;;;;;;;;;;;;;;;;;;;;;;;;;;;;;;;;;;;;;;;;;;;;;;;;;;;;;;;;;;;
               00031 
               00032 
0000           00033         org  0x0000             ;Reset vector
0000 0000      00034         nop
0002 EF0E F000 00035         goto  Mainline
               00036 
0008           00037         org  0x0008             ;High priority interrupt vector
0008 EF04 F000 00038         goto  $                 ;Trap
               00039 
0018           00040         org  0x0018             ;Low priority interrupt vector
0018 EF0C F000 00041         goto  $                 ;Trap
               00042 
               00043 ;;;;;;; Mainline program ;;;;;;;;;;;;;;;;;;;;;;;;;;;;;;;;;;;;;;;;;;;;;;;;;;;;;;
               00044 
001C 00045 Mainline
               00046 
               00047 ;Example 1:
               00048 ;Case 1:
               00049         
001C 0101      00050         movlb   1               ;Select data memory bank 1
001E 0E3A      00051         movlw   0x3a            ;Place 0x3a in wreg
0020 6F00      00052         movwf   MYREG, 1        ;Copy wreg value into MYREG
0022 6D00      00053         negf    MYREG, 1        ;Two's complement value in MYREG, result in MYREG,
               00054                                 ;N bit in status register is set
               00055 
               00056 ;Case 2:
               00057 
0024 0EB0      00058         movlw   0xb0            ;Place 0xb0 in wreg
0026 6F00      00059         movwf   MYREG, 1        ;Copy wreg value into MYREG
0028 6D00      00060         negf    MYREG, 1        ;Two's complement value in MYREG, result in MYREG,
               00061                                 ;N bit in status register is cleared, DC bit set
               00062 
               00063 ;Case 3:
               00064 
002A 0E00      00065         movlw   0x00            ;Place 0x00 in wreg
002C 6F00      00066         movwf   MYREG, 1        ;Copy wreg value into MYREG
002E 6D00      00067         negf    MYREG, 1        ;Two's complement value in MYREG, result in MYREG,
               00068                                 ;N, C, DC bits in status register are set       
               00069 
0030 EF18 F000 00070 stop    goto    stop
               00071 


Errors   :       0
Warnings :       0 reported,       0 suppressed
Messages :       0 reported,       0 suppressed

