gpasm-0.13.7 beta               btg.asm     2-14-2015  19:10:10          PAGE  1


LOC  OBJECT CODE     LINE SOURCE TEXT
  VALUE
 
               00001 ;;;;;;; btg.asm ;;;;;;;;;;;;;;;;;;;;;;;;;;;;;;;;;;;;;;;;;;;;;;;;
               00002 ;
               00003 ;This program tests operation of btg instruction. Toggles bit x in register f.
               00004 ;
               00005 ;
               00006 ;
               00007 ;;;;;;; Program hierarchy ;;;;;;;;;;;;;;;;;;;;;;;;;;;;;;;;;;;;;;;;;;;;;;;;;;;;;
               00008 ;
               00009 ; Mainline
               00010 ;  
               00011 ;
               00012 ;;;;;;; Assembler directives ;;;;;;;;;;;;;;;;;;;;;;;;;;;;;;;;;;;;;;;;;;;;;;;;;;
               00013 
               00014         #include p18f452.inc
               00001         LIST
               00002 ; P18F452.INC  Standard Header File, Version 1.4   Microchip Technology, Inc.
               00983         LIST
               00015         list  P=PIC18F452, F=INHX32, C=160, N=0, ST=OFF, MM=OFF, R=DEC, X=ON
               00016 
               00017 ;;;;;;; Variables ;;;;;;;;;;;;;;;;;;;;;;;;;;;;;;;;;;;;;;;;;;;;;;;;;;;;;;;;;;;;;
               00018 
               00019         cblock  0x000           ;Beginning of Access RAM
               00020 
               00021         endc
               00022 
               00023 ;;;;;;; Macro definitions ;;;;;;;;;;;;;;;;;;;;;;;;;;;;;;;;;;;;;;;;;;;;;;;;;;;;;
               00024 
               00025 ;;;;;;; Vectors ;;;;;;;;;;;;;;;;;;;;;;;;;;;;;;;;;;;;;;;;;;;;;;;;;;;;;;;;;;;;;;;
               00026 
               00027 
0000           00028         org  0x0000             ;Reset vector
0000 0000      00029         nop
0002 EF0E F000 00030         goto  Mainline
               00031 
0008           00032         org  0x0008             ;High priority interrupt vector
0008 EF04 F000 00033         goto  $                 ;Trap
               00034 
0018           00035         org  0x0018             ;Low priority interrupt vector
0018 EF0C F000 00036         goto  $                 ;Trap
               00037 
               00038 ;;;;;;; Mainline program ;;;;;;;;;;;;;;;;;;;;;;;;;;;;;;;;;;;;;;;;;;;;;;;;;;;;;;
               00039 
001C 00040 Mainline
               00041 
001C 0E04      00042                 movlw           4
001E 6E82      00043                 movwf           PORTC
0020 7482      00044                 btg             PORTC, RC2      ;Toggle PORTC, bit 2
0022 7A82      00045                 btg             PORTC, RC5      ;Toggle PORTC, bit 5
0024 0E61      00046                 movlw           97
0026 6E80      00047                 movwf           PORTA
0028 7080      00048                 btg             PORTA, RA0      ;Toggle  PORTA, bit 0
002A 0ED1      00049                 movlw           209     
002C 6E81      00050                 movwf           PORTB   
002E 7E81      00051                 btg             PORTB, RB7      ;Toggle PORTB, bit 7
0030 EF18 F000 00052 stop            goto            stop
               00053 


Errors   :       0
Warnings :       0 reported,       0 suppressed
Messages :       0 reported,       0 suppressed

