gpasm-0.13.7 beta               sublw.asm   3-6-2015  10:35:07           PAGE  1


LOC  OBJECT CODE     LINE SOURCE TEXT
  VALUE
 
               00001 ;;;;;;; sublw.asm ;;;;;;;;;;;;;;;;;;;;;;;;;;;;;;;;;;;;;;;;;;;;;;;;
               00002 ;
               00003 ;This program tests operation of sublw instruction. Sublw subtracts the wreg
               00004 ;from the literal k (two's complement method). This instruction is tested 
               00005 ;according to the examples in the pic18 user manual.
               00006 ;
               00007 ;;;;;;; Program hierarchy ;;;;;;;;;;;;;;;;;;;;;;;;;;;;;;;;;;;;;;;;;;;;;;;;;;;;;
               00008 ;
               00009 ; Mainline
               00010 ;  
               00011 ;
               00012 ;;;;;;; Assembler directives ;;;;;;;;;;;;;;;;;;;;;;;;;;;;;;;;;;;;;;;;;;;;;;;;;;
               00013 
               00014         #include p18f452.inc
               00001         LIST
               00002 ; P18F452.INC  Standard Header File, Version 1.4   Microchip Technology, Inc.
               00983         LIST
               00015         list  P=PIC18F452, F=INHX32, C=160, N=0, ST=OFF, MM=OFF, R=DEC, X=ON
               00016 
               00017 ;;;;;;; Variables ;;;;;;;;;;;;;;;;;;;;;;;;;;;;;;;;;;;;;;;;;;;;;;;;;;;;;;;;;;;;;
               00018 
               00019         cblock  0x000           ;Beginning of Access RAM
               00020         endc
               00021 
               00022 ;;;;;;; Macro definitions ;;;;;;;;;;;;;;;;;;;;;;;;;;;;;;;;;;;;;;;;;;;;;;;;;;;;;
               00023 
               00024 ;;;;;;; Vectors ;;;;;;;;;;;;;;;;;;;;;;;;;;;;;;;;;;;;;;;;;;;;;;;;;;;;;;;;;;;;;;;
               00025 
               00026 
0000           00027         org  0x0000             ;Reset vector
0000 0000      00028         nop
0002 EF0E F000 00029         goto  Mainline
               00030 
0008           00031         org  0x0008             ;High priority interrupt vector
0008 EF04 F000 00032         goto  $                 ;Trap
               00033 
0018           00034         org  0x0018             ;Low priority interrupt vector
0018 EF0C F000 00035         goto  $                 ;Trap
               00036 
               00037 ;;;;;;; Mainline program ;;;;;;;;;;;;;;;;;;;;;;;;;;;;;;;;;;;;;;;;;;;;;;;;;;;;;;
               00038 
001C 00039 Mainline
               00040 
               00041 ;Example 1:
               00042 
  00000010     00043 OFFSET  equ     0x10            ;Declare constant OFFSET to have value 0x10
001C 0E37      00044         movlw           0x37    ;Place 0x37 in wreg
001E 0810      00045         sublw           OFFSET  ;Subtract wreg value from constant OFFSET
               00046 
               00047 
               00048 ;Example 2:
               00049 ;Case 1:
               00050 
0020 0E01      00051         movlw           0x01    ;Place 0x01 in wreg
0022 0802      00052         sublw           0x02    ;Subtract wreg value 1 from 2
               00053 
               00054 ;Case 2:
               00055 
0024 0E02      00056         movlw           0x02    ;Place 0x02 in wreg
0026 0802      00057         sublw           0x02    ;Subtract wreg value 2 from 2
               00058 
               00059 ;Case 3:
               00060 
0028 0E03      00061         movlw           0x03    ;Place 0x03 in wreg
002A 0802      00062         sublw           0x02    ;Subtract wreg value 3 from 2
               00063         
               00064 
002C EF16 F000 00065 stop    goto            stop
               00066 


Errors   :       0
Warnings :       0 reported,       0 suppressed
Messages :       0 reported,       0 suppressed

