gpasm-0.13.7 beta               rlcf.asm    3-10-2015  17:11:45          PAGE  1


LOC  OBJECT CODE     LINE SOURCE TEXT
  VALUE
 
               00001 ;;;;;;; rlcf.asm ;;;;;;;;;;;;;;;;;;;;;;;;;;;;;;;;;;;;;;;;;;;;;;;;
               00002 ;
               00003 ;This program tests operation of rlcf. Rlcf rotates the contents of register 
               00004 ;f left through the carry bit.
               00005 ;
               00006 ;;;;;;; Program hierarchy ;;;;;;;;;;;;;;;;;;;;;;;;;;;;;;;;;;;;;;;;;;;;;;;;;;;;;
               00007 ;
               00008 ; Mainline
               00009 ;  
               00010 ;
               00011 ;;;;;;; Assembler directives ;;;;;;;;;;;;;;;;;;;;;;;;;;;;;;;;;;;;;;;;;;;;;;;;;;
               00012 
               00013         list  P=PIC18F452, F=INHX32, C=160, N=0, ST=OFF, MM=OFF, R=DEC, X=ON
               00014         #include p18f452.inc
               00001         LIST
               00002 ; P18F452.INC  Standard Header File, Version 1.4   Microchip Technology, Inc.
               00983         LIST
               00015 
               00016 ;;;;;;; Variables ;;;;;;;;;;;;;;;;;;;;;;;;;;;;;;;;;;;;;;;;;;;;;;;;;;;;;;;;;;;;;
               00017 
               00018         cblock  0x000           ;Beginning of Access RAM
               00019         REG1
               00020         endc
               00021 
               00022 ;;;;;;; Macro definitions ;;;;;;;;;;;;;;;;;;;;;;;;;;;;;;;;;;;;;;;;;;;;;;;;;;;;;
               00023 
               00024 ;;;;;;; Vectors ;;;;;;;;;;;;;;;;;;;;;;;;;;;;;;;;;;;;;;;;;;;;;;;;;;;;;;;;;;;;;;;
               00025 
               00026 
0000           00027         org  0x0000             ;Reset vector
0000 0000      00028         nop
0002 EF0E F000 00029         goto  Mainline
               00030 
0008           00031         org  0x0008             ;High priority interrupt vector
0008 EF04 F000 00032         goto  $                 ;Trap
               00033 
0018           00034         org  0x0018             ;Low priority interrupt vector
0018 EF0C F000 00035         goto  $                 ;Trap
               00036 
               00037 ;;;;;;; Mainline program ;;;;;;;;;;;;;;;;;;;;;;;;;;;;;;;;;;;;;;;;;;;;;;;;;;;;;;
               00038 
001C 00039 Mainline
               00040 ;Example 1:
               00041         
001C 0EE6      00042         movlw   0xe6            ;Place 0xe6 in wreg
001E 6E00      00043         movwf   REG1            ;Copy wreg to REG1
0020 3400      00044         rlcf    REG1, 0         ;Using banked addressing, rotate left through carry
               00045                                 ;REG1, place result in wreg
               00046 
               00047 ;Example 2:
               00048         
0022 0E3A      00049         movlw   0x3a            ;Place 0x3a in wreg
0024 6E00      00050         movwf   REG1            ;Copy wreg to register at address pointed to by FSR0
0026 80D8      00051         bsf     STATUS, 0       ;Set carry bit in status register
0028 3600      00052         rlcf    REG1, 1         ;Rotate left through carry value in register pointed to
               00053                                 ;by FSR0, place result back in register, carry bit is 
               00054                                 ;loaded into bit 0
               00055 
002A EF15 F000 00056 stop    goto    stop
               00057 


Errors   :       0
Warnings :       0 reported,       0 suppressed
Messages :       0 reported,       0 suppressed

