gpasm-0.13.7 beta               btfss.asm   2-14-2015  17:33:36          PAGE  1


LOC  OBJECT CODE     LINE SOURCE TEXT
  VALUE
 
               00001 ;;;;;;; btfss.asm ;;;;;;;;;;;;;;;;;;;;;;;;;;;;;;;;;;;;;;;;;;;;;;;;
               00002 ;
               00003 ;This program tests operation of btfss instruction. Skips next instruction if
               00004 ;bit x in register f is set: bit test f, skip if set
               00005 ;
               00006 ;
               00007 ;;;;;;; Program hierarchy ;;;;;;;;;;;;;;;;;;;;;;;;;;;;;;;;;;;;;;;;;;;;;;;;;;;;;
               00008 ;
               00009 ; Mainline
               00010 ;  
               00011 ;
               00012 ;;;;;;; Assembler directives ;;;;;;;;;;;;;;;;;;;;;;;;;;;;;;;;;;;;;;;;;;;;;;;;;;
               00013 
               00014         #include p18f452.inc
               00001         LIST
               00002 ; P18F452.INC  Standard Header File, Version 1.4   Microchip Technology, Inc.
               00983         LIST
               00015         list  P=PIC18F452, F=INHX32, C=160, N=0, ST=OFF, MM=OFF, R=DEC, X=ON
               00016 
               00017 ;;;;;;; Variables ;;;;;;;;;;;;;;;;;;;;;;;;;;;;;;;;;;;;;;;;;;;;;;;;;;;;;;;;;;;;;
               00018 
               00019         cblock  0x000           ;Beginning of Access RAM
               00020         temp1
               00021         temp2
               00022         endc
               00023 
               00024 ;;;;;;; Macro definitions ;;;;;;;;;;;;;;;;;;;;;;;;;;;;;;;;;;;;;;;;;;;;;;;;;;;;;
               00025 
               00026 ;;;;;;; Vectors ;;;;;;;;;;;;;;;;;;;;;;;;;;;;;;;;;;;;;;;;;;;;;;;;;;;;;;;;;;;;;;;
               00027 
               00028 
0000           00029         org  0x0000             ;Reset vector
0000 0000      00030         nop
0002 EF0E F000 00031         goto  Mainline
               00032 
0008           00033         org  0x0008             ;High priority interrupt vector
0008 EF04 F000 00034         goto  $                 ;Trap
               00035 
0018           00036         org  0x0018             ;Low priority interrupt vector
0018 EF0C F000 00037         goto  $                 ;Trap
               00038 
               00039 ;;;;;;; Mainline program ;;;;;;;;;;;;;;;;;;;;;;;;;;;;;;;;;;;;;;;;;;;;;;;;;;;;;;
               00040 
001C 00041 Mainline
               00042 
001C 0E04      00043                 movlw           4
001E 6E82      00044                 movwf           PORTC
0020 A482      00045                 btfss           PORTC, RC2
0022 EF1A F000 00046                 goto            stop
0026 0ECB      00047                 movlw           203
0028 6E00      00048                 movwf           temp1
002A C000 F001 00049                 movff           temp1, temp2
002E 0E08      00050                 movlw           8
0030 6E80      00051                 movwf           PORTA, RA0
0032 7080      00052                 btg             PORTA, RA0
               00053                 
               00054 
0034 EF1A F000 00055 stop            goto            stop
               00056 


Errors   :       0
Warnings :       0 reported,       0 suppressed
Messages :       0 reported,       0 suppressed

