gpasm-0.13.7 beta               slowToggleAllPorts.asm3-10-2015  20:28:47          PAGE  1


LOC  OBJECT CODE     LINE SOURCE TEXT
  VALUE
 
               00001 ;;;;;;; slowToggleAllPorts.asm ;;;;;;;;;;;;;;;;;;;;;;;;;;;;;;;;;;;;;;;;;;;;;;;;
               00002 ;
               00003 ;;;;;;; Program hierarchy ;;;;;;;;;;;;;;;;;;;;;;;;;;;;;;;;;;;;;;;;;;;;;;;;;;;;;
               00004 ;
               00005 ; Mainline
               00006 ;  
               00007 ;
               00008 ;;;;;;; Assembler directives ;;;;;;;;;;;;;;;;;;;;;;;;;;;;;;;;;;;;;;;;;;;;;;;;;;
               00009 
               00010         list  P=PIC18F452, F=INHX32, C=160, N=0, ST=OFF, MM=OFF, R=DEC, X=ON
               00011         #include p18f452.inc
               00001         LIST
               00002 ; P18F452.INC  Standard Header File, Version 1.4   Microchip Technology, Inc.
               00983         LIST
               00012 
               00013 ;;;;;;; Variables ;;;;;;;;;;;;;;;;;;;;;;;;;;;;;;;;;;;;;;;;;;;;;;;;;;;;;;;;;;;;;
               00014 
               00015                         cblock  0x000           ;Beginning of Access RAM
               00016                         temp
               00017                         temp1
               00018                         temp2
               00019                         endc
               00020 
               00021 ;;;;;;; Macro definitions ;;;;;;;;;;;;;;;;;;;;;;;;;;;;;;;;;;;;;;;;;;;;;;;;;;;;;
               00022 
               00023 ;;;;;;; Vectors ;;;;;;;;;;;;;;;;;;;;;;;;;;;;;;;;;;;;;;;;;;;;;;;;;;;;;;;;;;;;;;;
               00024 
               00025 
0000           00026         org  0x0000             ;Reset vector
0000 0000      00027         nop
0002 EF0E F000 00028         goto  Mainline
               00029 
0008           00030         org  0x0008             ;High priority interrupt vector
0008 EF04 F000 00031         goto  $                 ;Trap
               00032 
0018           00033         org  0x0018             ;Low priority interrupt vector
0018 EF0C F000 00034         goto  $                 ;Trap
               00035 
               00036 ;;;;;;; Mainline program ;;;;;;;;;;;;;;;;;;;;;;;;;;;;;;;;;;;;;;;;;;;;;;;;;;;;;;
               00037 
001C 00038 Mainline
001C 0E00      00039                 movlw           0
001E 6E80      00040                 movwf           PORTA
0020 6E81      00041                 movwf           PORTB
0022 6E82      00042                 movwf           PORTC
0024 6E83      00043                 movwf           PORTD
0026 6E84      00044                 movwf           PORTE
               00045 
0028 0E27      00046 wrap            movlw           39
002A 6E00      00047                 movwf           temp
002C 0600      00048 decw            decf            temp, f
002E E00E      00049                 bz              toggle
0030 EF1A F000 00050                 goto            outer
               00051                 
0034 0EFF      00052 outer           movlw           255
0036 6E01      00053                 movwf           temp1
0038 0601      00054 dec1            decf            temp1, f
003A E0F8      00055                 bz              decw
003C D802      00056 rc              rcall           inner
003E EF1C F000 00057                 goto            dec1
0042 0EFF      00058 inner           movlw           255
0044 6E02      00059                 movwf           temp2
0046 0602      00060 dec             decf            temp2, f
0048 E1FE      00061                 bnz             dec
004A 0012      00062                 return
               00063 
004C 7480      00064 toggle          btg             PORTA, RA2
004E 7681      00065                 btg             PORTB, RA3
0050 7882      00066                 btg             PORTC, RA4
0052 7A83      00067                 btg             PORTD, RA5
0054 7284      00068                 btg             PORTE, RA1
0056 7C80      00069                 btg             PORTA, RA6
0058 7C81      00070                 btg             PORTB, RA6
005A 7A82      00071                 btg             PORTC, RA5
005C 7883      00072                 btg             PORTD, RA4
005E 7C84      00073                 btg             PORTE, RA6
0060 EF14 F000 00074                 goto            wrap
0064 EF32 F000 00075 stop            goto            stop
               00076 


Errors   :       0
Warnings :       0 reported,       0 suppressed
Messages :       0 reported,       0 suppressed

