gpasm-0.13.7 beta               sublw.asm   3-6-2015  10:28:53           PAGE  1


LOC  OBJECT CODE     LINE SOURCE TEXT
  VALUE
 
               00001 ;;;;;;; sublw.asm ;;;;;;;;;;;;;;;;;;;;;;;;;;;;;;;;;;;;;;;;;;;;;;;;
               00002 ;
               00003 ;This program tests operation of sublw instruction. Sublw subtracts the wreg
               00004 ;from the literal k (two's complement method).
               00005 ;
               00006 ;;;;;;; Program hierarchy ;;;;;;;;;;;;;;;;;;;;;;;;;;;;;;;;;;;;;;;;;;;;;;;;;;;;;
               00007 ;
               00008 ; Mainline
               00009 ;  
               00010 ;
               00011 ;;;;;;; Assembler directives ;;;;;;;;;;;;;;;;;;;;;;;;;;;;;;;;;;;;;;;;;;;;;;;;;;
               00012 
               00013         #include p18f452.inc
               00001         LIST
               00002 ; P18F452.INC  Standard Header File, Version 1.4   Microchip Technology, Inc.
               00983         LIST
               00014         list  P=PIC18F452, F=INHX32, C=160, N=0, ST=OFF, MM=OFF, R=DEC, X=ON
               00015 
               00016 ;;;;;;; Variables ;;;;;;;;;;;;;;;;;;;;;;;;;;;;;;;;;;;;;;;;;;;;;;;;;;;;;;;;;;;;;
               00017 
               00018         cblock  0x000           ;Beginning of Access RAM
               00019         endc
               00020 
               00021 ;;;;;;; Macro definitions ;;;;;;;;;;;;;;;;;;;;;;;;;;;;;;;;;;;;;;;;;;;;;;;;;;;;;
               00022 
               00023 ;;;;;;; Vectors ;;;;;;;;;;;;;;;;;;;;;;;;;;;;;;;;;;;;;;;;;;;;;;;;;;;;;;;;;;;;;;;
               00024 
               00025 
0000           00026         org  0x0000             ;Reset vector
0000 0000      00027         nop
0002 EF0E F000 00028         goto  Mainline
               00029 
0008           00030         org  0x0008             ;High priority interrupt vector
0008 EF04 F000 00031         goto  $                 ;Trap
               00032 
0018           00033         org  0x0018             ;Low priority interrupt vector
0018 EF0C F000 00034         goto  $                 ;Trap
               00035 
               00036 ;;;;;;; Mainline program ;;;;;;;;;;;;;;;;;;;;;;;;;;;;;;;;;;;;;;;;;;;;;;;;;;;;;;
               00037 
001C 00038 Mainline
               00039 
               00040 ;Example 1:
               00041 
  00000010     00042 OFFSET  equ     0x10            ;Declare constant OFFSET to have value 0x10
001C 0E37      00043         movlw           0x37    ;Place 0x37 in wreg
001E 0810      00044         sublw           OFFSET  ;Subtract wreg value from constant OFFSET
               00045 
               00046 
               00047 ;Example 2:
               00048 ;Case 1:
               00049 
0020 0E01      00050         movlw           0x01    ;Place 0x01 in wreg
0022 0802      00051         sublw           0x02    ;Subtract wreg value 1 from 2
               00052 
               00053 ;Case 2:
               00054 
0024 0E02      00055         movlw           0x02    ;Place 0x02 in wreg
0026 0802      00056         sublw           0x02    ;Subtract wreg value 2 from 2
               00057 
               00058 ;Case 3:
               00059 
0028 0E03      00060         movlw           0x03    ;Place 0x03 in wreg
002A 0802      00061         sublw           0x02    ;Subtract wreg value 3 from 2
               00062         
               00063 
002C EF16 F000 00064 stop    goto            stop
               00065 


Errors   :       0
Warnings :       0 reported,       0 suppressed
Messages :       0 reported,       0 suppressed

