gpasm-0.13.7 beta               mulwf.asm   3-4-2015  18:59:14           PAGE  1


LOC  OBJECT CODE     LINE SOURCE TEXT
  VALUE
 
               00001 ;;;;;;; mulwf.asm ;;;;;;;;;;;;;;;;;;;;;;;;;;;;;;;;;;;;;;;;;;;;;;;;
               00002 ;
               00003 ;This program tests operation of mulwf instruction. Mulwf carries out 
               00004 ;unsigned multiplication between contents of register f and contents of 
               00005 ;wreg. 16 bit result is placed in PRODH:PRODL register pair. Wreg is  
               00006 ;unchanged, no status bits affected.
               00007 ;
               00008 ;;;;;;; Program hierarchy ;;;;;;;;;;;;;;;;;;;;;;;;;;;;;;;;;;;;;;;;;;;;;;;;;;;;;
               00009 ;
               00010 ; Mainline
               00011 ;  
               00012 ;
               00013 ;;;;;;; Assembler directives ;;;;;;;;;;;;;;;;;;;;;;;;;;;;;;;;;;;;;;;;;;;;;;;;;;
               00014 
               00015         #include p18f452.inc
               00001         LIST
               00002 ; P18F452.INC  Standard Header File, Version 1.4   Microchip Technology, Inc.
               00983         LIST
               00016         list  P=PIC18F452, F=INHX32, C=160, N=0, ST=OFF, MM=OFF, R=DEC, X=ON
               00017 
               00018 ;;;;;;; Variables ;;;;;;;;;;;;;;;;;;;;;;;;;;;;;;;;;;;;;;;;;;;;;;;;;;;;;;;;;;;;;
               00019 
               00020         cblock  0x000           ;Beginning of Access RAM
               00021         MYREG
               00022         endc
               00023 
               00024 ;;;;;;; Macro definitions ;;;;;;;;;;;;;;;;;;;;;;;;;;;;;;;;;;;;;;;;;;;;;;;;;;;;;
               00025 
               00026 ;;;;;;; Vectors ;;;;;;;;;;;;;;;;;;;;;;;;;;;;;;;;;;;;;;;;;;;;;;;;;;;;;;;;;;;;;;;
               00027 
               00028 
0000           00029         org  0x0000             ;Reset vector
0000 0000      00030         nop
0002 EF0E F000 00031         goto  Mainline
               00032 
0008           00033         org  0x0008             ;High priority interrupt vector
0008 EF04 F000 00034         goto  $                 ;Trap
               00035 
0018           00036         org  0x0018             ;Low priority interrupt vector
0018 EF0C F000 00037         goto  $                 ;Trap
               00038 
               00039 ;;;;;;; Mainline program ;;;;;;;;;;;;;;;;;;;;;;;;;;;;;;;;;;;;;;;;;;;;;;;;;;;;;;
               00040 
001C 00041 Mainline
               00042 
001C 0EB5      00043         movlw           0xb5            ;Place 0xb5 in wreg
001E 6E00      00044         movwf           MYREG           ;Copy wreg value to MYREG
0020 0EE2      00045         movlw           0xe2            ;Place 0xe2 in wreg
0022 0200      00046         mulwf           MYREG           ;Multiply wreg, MYREG, result in PRODH:PRODL (product is 0x9fca)
               00047 
0024 0D00      00048         mullw           0               ;Clear PRODH:PRODL register pair
0026 0101      00049         movlb           1               ;Place 1 in BSR (to use bank 0x100)
0028 0EB5      00050         movlw           0xb5            ;Place 0xb5 in wreg
002A 6F00      00051         movwf           MYREG, 1        ;Copy wreg value to MYREG in bank 1
002C 0EE2      00052         movlw           0xe2            ;Place 0xe2 in wreg
002E 0300      00053         mulwf           MYREG, 1        ;Multiply wreg, MYREG, result in PRODH:PRODL (0x9fca)
               00054         
               00055 
0030 EF18 F000 00056 stop    goto            stop
               00057 


Errors   :       0
Warnings :       0 reported,       0 suppressed
Messages :       0 reported,       0 suppressed

