gpasm-0.13.7 beta               mullw.asm   3-4-2015  17:05:20           PAGE  1


LOC  OBJECT CODE     LINE SOURCE TEXT
  VALUE
 
               00001 ;;;;;;; mullw.asm ;;;;;;;;;;;;;;;;;;;;;;;;;;;;;;;;;;;;;;;;;;;;;;;;
               00002 ;
               00003 ;This program tests operation of mullw instruction. Mullw carries out 
               00004 ;unsigned multiplication between literal k and contents of wreg. 16 bit
               00005 ;result is placed in PRODH:PRODL register pair. Wreg is unchanged, no 
               00006 ;status bits affected.
               00007 ;
               00008 ;;;;;;; Program hierarchy ;;;;;;;;;;;;;;;;;;;;;;;;;;;;;;;;;;;;;;;;;;;;;;;;;;;;;
               00009 ;
               00010 ; Mainline
               00011 ;  
               00012 ;
               00013 ;;;;;;; Assembler directives ;;;;;;;;;;;;;;;;;;;;;;;;;;;;;;;;;;;;;;;;;;;;;;;;;;
               00014 
               00015         #include p18f452.inc
               00001         LIST
               00002 ; P18F452.INC  Standard Header File, Version 1.4   Microchip Technology, Inc.
               00983         LIST
               00016         list  P=PIC18F452, F=INHX32, C=160, N=0, ST=OFF, MM=OFF, R=DEC, X=ON
               00017 
               00018 ;;;;;;; Variables ;;;;;;;;;;;;;;;;;;;;;;;;;;;;;;;;;;;;;;;;;;;;;;;;;;;;;;;;;;;;;
               00019 
               00020         cblock  0x000           ;Beginning of Access RAM
               00021         endc
               00022 
               00023 ;;;;;;; Macro definitions ;;;;;;;;;;;;;;;;;;;;;;;;;;;;;;;;;;;;;;;;;;;;;;;;;;;;;
               00024 
               00025 ;;;;;;; Vectors ;;;;;;;;;;;;;;;;;;;;;;;;;;;;;;;;;;;;;;;;;;;;;;;;;;;;;;;;;;;;;;;
               00026 
               00027 
0000           00028         org  0x0000             ;Reset vector
0000 0000      00029         nop
0002 EF0E F000 00030         goto  Mainline
               00031 
0008           00032         org  0x0008             ;High priority interrupt vector
0008 EF04 F000 00033         goto  $                 ;Trap
               00034 
0018           00035         org  0x0018             ;Low priority interrupt vector
0018 EF0C F000 00036         goto  $                 ;Trap
               00037 
               00038 ;;;;;;; Mainline program ;;;;;;;;;;;;;;;;;;;;;;;;;;;;;;;;;;;;;;;;;;;;;;;;;;;;;;
               00039 
001C 00040 Mainline
               00041 
  000000C4     00042 FACTOR  equ     0xc4
001C 0EE2      00043 start   movlw           0xe2            ;Place 0xe2 in wreg
001E 0DC4      00044         mullw           0xc4            ;Multiply 0xe2, 0xc4, result in PRODH:PRODL (product is 0xad08)
0020 0D00      00045         mullw           0x00            ;Multiply wreg by 0 (to clear PRODH:PRODL)
0022 0EE2      00046         movlw           0xe2            ;Place 0xc4 in wreg
0024 0DC4      00047         mullw           FACTOR          ;Multiply wreg, FACTOR, result in PRODH:PRODL (0xad08)
               00048         
               00049 
0026 EF13 F000 00050 stop    goto            stop
               00051 


Errors   :       0
Warnings :       0 reported,       0 suppressed
Messages :       0 reported,       0 suppressed

