gpasm-0.13.7 beta               subwf.asm   3-12-2015  13:42:48          PAGE  1


LOC  OBJECT CODE     LINE SOURCE TEXT
  VALUE
 
               00001 ;;;;;;; subwf.asm ;;;;;;;;;;;;;;;;;;;;;;;;;;;;;;;;;;;;;;;;;;;;;;;;
               00002 ;
               00003 ;This program tests operation of subwf instruction. Subwf subtracts wreg from
               00004 ;register f (two's complement method). This instruction is tested 
               00005 ;according to the examples in the pic18 user manual.
               00006 ;
               00007 ;;;;;;; Program hierarchy ;;;;;;;;;;;;;;;;;;;;;;;;;;;;;;;;;;;;;;;;;;;;;;;;;;;;;
               00008 ;
               00009 ; Mainline
               00010 ;  
               00011 ;
               00012 ;;;;;;; Assembler directives ;;;;;;;;;;;;;;;;;;;;;;;;;;;;;;;;;;;;;;;;;;;;;;;;;;
               00013 
               00014         #include p18f452.inc
               00001         LIST
               00002 ; P18F452.INC  Standard Header File, Version 1.4   Microchip Technology, Inc.
               00983         LIST
               00015         list  P=PIC18F452, F=INHX32, C=160, N=0, ST=OFF, MM=OFF, R=DEC, X=ON
               00016 
               00017 ;;;;;;; Variables ;;;;;;;;;;;;;;;;;;;;;;;;;;;;;;;;;;;;;;;;;;;;;;;;;;;;;;;;;;;;;
               00018 
               00019         cblock  0x000           ;Beginning of Access RAM
               00020         REG1
               00021         endc
               00022 
               00023 ;;;;;;; Macro definitions ;;;;;;;;;;;;;;;;;;;;;;;;;;;;;;;;;;;;;;;;;;;;;;;;;;;;;
               00024 
               00025 ;;;;;;; Vectors ;;;;;;;;;;;;;;;;;;;;;;;;;;;;;;;;;;;;;;;;;;;;;;;;;;;;;;;;;;;;;;;
               00026 
               00027 
0000           00028         org  0x0000             ;Reset vector
0000 0000      00029         nop
0002 EF0E F000 00030         goto  Mainline
               00031 
0008           00032         org  0x0008             ;High priority interrupt vector
0008 EF04 F000 00033         goto  $                 ;Trap
               00034 
0018           00035         org  0x0018             ;Low priority interrupt vector
0018 EF0C F000 00036         goto  $                 ;Trap
               00037 
               00038 ;;;;;;; Mainline program ;;;;;;;;;;;;;;;;;;;;;;;;;;;;;;;;;;;;;;;;;;;;;;;;;;;;;;
               00039 
001C 00040 Mainline
               00041 
               00042 ;Example 1:
               00043 ;Case 1:
               00044 
001C 0E03      00045         movlw   0x03            ;Place 0x03 in wreg
001E 6E00      00046         movwf   REG1            ;Copy wreg to REG1
0020 0E02      00047         movlw   0x02            ;Place 0x02 in wreg
0022 5E00      00048         subwf   REG1, 1         ;Subtract wreg from REG1 (at 0x100), result in f
               00049                                 ;REG1: 0x01, status register C, DC are set
               00050 ;Case 2:
               00051 
0024 0E02      00052         movlw   0x02            ;Place 0x02 in wreg
0026 6E00      00053         movwf   REG1            ;Copy wreg to REG1
0028 0E02      00054         movlw   0x02            ;Place 0x02 in wreg
002A 5E00      00055         subwf   REG1, 1         ;Subtract wreg from REG1 (at 0x100), result in f
               00056                                 ;REG1: 0x00, status register C, DC, Z bits are set
               00057 
               00058 ;Case 3:
               00059 
002C 0E01      00060         movlw   0x01            ;Place 0x01 in wreg
002E 6E00      00061         movwf   REG1            ;Copy wreg to REG1
0030 0E02      00062         movlw   0x02            ;Place 0x02 in wreg
0032 5E00      00063         subwf   REG1, 1         ;Subtract wreg from REG1 (at 0x100), result in f
               00064                                 ;REG1: 0xff, status register N bit is set
               00065         
0034 EF1A F000 00066 stop    goto            stop
               00067 


Errors   :       0
Warnings :       0 reported,       0 suppressed
Messages :       0 reported,       0 suppressed

