gpasm-0.13.7 beta               andwf.asm   3-11-2015  15:06:16          PAGE  1


LOC  OBJECT CODE     LINE SOURCE TEXT
  VALUE
 
               00001 ;;;;;;;andwf.asm ;;;;;;;;;;;;;;;;;;;;;;;;;;;;;;;;;;;;;;;;;;;;;;;;
               00002 ;
               00003 ;This program tests operation of the andwf. Andwf performs an AND operation 
               00004 ;of the contents of wreg and contents of register f.
               00005 ;
               00006 ;
               00007 ;;;;;;; Program hierarchy ;;;;;;;;;;;;;;;;;;;;;;;;;;;;;;;;;;;;;;;;;;;;;;;;;;;;;
               00008 ;
               00009 ; Mainline
               00010 ;  
               00011 ;
               00012 ;;;;;;; Assembler directives ;;;;;;;;;;;;;;;;;;;;;;;;;;;;;;;;;;;;;;;;;;;;;;;;;;
               00013 
               00014         #include p18f452.inc
               00001         LIST
               00002 ; P18F452.INC  Standard Header File, Version 1.4   Microchip Technology, Inc.
               00983         LIST
               00015         list  P=PIC18F452, F=INHX32, C=160, N=0, ST=OFF, MM=OFF, R=DEC, X=ON
               00016 
               00017 ;;;;;;; Variables ;;;;;;;;;;;;;;;;;;;;;;;;;;;;;;;;;;;;;;;;;;;;;;;;;;;;;;;;;;;;;
               00018 
               00019         cblock  0x000           ;Beginning of Access RAM
               00020         REG1
               00021         endc
               00022 
               00023 
               00024 ;;;;;;; Macro definitions ;;;;;;;;;;;;;;;;;;;;;;;;;;;;;;;;;;;;;;;;;;;;;;;;;;;;;
               00025 
               00026 ;;;;;;; Vectors ;;;;;;;;;;;;;;;;;;;;;;;;;;;;;;;;;;;;;;;;;;;;;;;;;;;;;;;;;;;;;;;
               00027 
               00028 
0000           00029         org  0x0000             ;Reset vector
0000 0000      00030         nop
0002 EF0E F000 00031         goto  Mainline
               00032 
0008           00033         org  0x0008             ;High priority interrupt vector
0008 EF04 F000 00034         goto  $                 ;Trap
               00035 
0018           00036         org  0x0018             ;Low priority interrupt vector
0018 EF0C F000 00037         goto  $                 ;Trap
               00038 
               00039 ;;;;;;; Mainline program ;;;;;;;;;;;;;;;;;;;;;;;;;;;;;;;;;;;;;;;;;;;;;;;;;;;;;;
               00040 
               00041 
               00042 ;;;;;;;;;;;;;;;;;;;;;;;;;;;;;;;;;;;;;;;;;;;;;;;;;;;;;;;;;;;;;;;;;;;;;;;;;;;;;;;
               00043 ;See manual chapter 31 for more detail on individual instructions
               00044 ;Syntax:        andwf   f, d, a         (register, destination register, bank select)
               00045                                         ;"d", "a" both default to 0. For d, can use "f" 
               00046                                         ;instead of 1, can use "w" instead of 0.
               00047 
               00048 ;               movwf   f, a            (register, bank select)
               00049 ;               movlw   k               (literal)
               00050 ;               movlb   k               (literal)
               00051 ;;;;;;;;;;;;;;;;;;;;;;;;;;;;;;;;;;;;;;;;;;;;;;;;;;;;;;;;;;;;;;;;;;;;;;;;;;;;;;;
001C 00052 Mainline
               00053 
               00054 ;Example 1:
               00055 
001C 0EC2      00056         movlw   0xc2            ;Place 0xc2 in wreg
001E 6F00      00057         movwf   REG1, 1         ;Copy wreg to REG1
0020 0E17      00058         movlw   0x17            ;Place 0x17 in wreg
0022 1600      00059         andwf   REG1, 1         ;And contents of REG1 with wreg, result in REG1
               00060 
               00061 ;Example 2:
               00062         
0024 0EC2      00063         movlw   0xc2            ;Place 0xc2 in wreg
0026 6F00      00064         movwf   REG1, 1         ;Copy wreg to REG1
0028 0E17      00065         movlw   0x17            ;Place 0x17 in wreg
002A 1400      00066         andwf   REG1, 0         ;And contents of REG1 with wreg, result in wreg
               00067 
               00068 
002C EF16 F000 00069 stop    goto            stop
               00070 


Errors   :       0
Warnings :       0 reported,       0 suppressed
Messages :       0 reported,       0 suppressed

