gpasm-0.13.7 beta               preinc.asm  2-14-2015  17:09:04          PAGE  1


LOC  OBJECT CODE     LINE SOURCE TEXT
  VALUE
 
               00001 ;;;;;;; preinc.asm ;;;;;;;;;;;;;;;;;;;;;;;;;;;;;;;;;;;;;;;;;;;;;;;;
               00002 ;
               00003 ;This program tests indirect addressing mechanism writes/reads to PREINCx
               00004 ;
               00005 ;
               00006 ;;;;;;; Program hierarchy ;;;;;;;;;;;;;;;;;;;;;;;;;;;;;;;;;;;;;;;;;;;;;;;;;;;;;
               00007 ;
               00008 ; Mainline
               00009 ;  
               00010 ;
               00011 ;;;;;;; Assembler directives ;;;;;;;;;;;;;;;;;;;;;;;;;;;;;;;;;;;;;;;;;;;;;;;;;;
               00012 
               00013         #include p18f452.inc
               00001         LIST
               00002 ; P18F452.INC  Standard Header File, Version 1.4   Microchip Technology, Inc.
               00983         LIST
               00014         list  P=PIC18F452, F=INHX32, C=160, N=0, ST=OFF, MM=OFF, R=DEC, X=ON
               00015 
               00016 ;;;;;;; Variables ;;;;;;;;;;;;;;;;;;;;;;;;;;;;;;;;;;;;;;;;;;;;;;;;;;;;;;;;;;;;;
               00017 
               00018         cblock  0x000           ;Beginning of Access RAM
               00019 
               00020         endc
               00021 
               00022 ;;;;;;; Macro definitions ;;;;;;;;;;;;;;;;;;;;;;;;;;;;;;;;;;;;;;;;;;;;;;;;;;;;;
               00023 
               00024 ;;;;;;; Vectors ;;;;;;;;;;;;;;;;;;;;;;;;;;;;;;;;;;;;;;;;;;;;;;;;;;;;;;;;;;;;;;;
               00025 
               00026 
0000           00027         org  0x0000             ;Reset vector
0000 0000      00028         nop
0002 EF0E F000 00029         goto  Mainline
               00030 
0008           00031         org  0x0008             ;High priority interrupt vector
0008 EF04 F000 00032         goto  $                 ;Trap
               00033 
0018           00034         org  0x0018             ;Low priority interrupt vector
0018 EF0C F000 00035         goto  $                 ;Trap
               00036 
               00037 ;;;;;;; Mainline program ;;;;;;;;;;;;;;;;;;;;;;;;;;;;;;;;;;;;;;;;;;;;;;;;;;;;;;
               00038 
001C 00039 Mainline
               00040 ;This section tests indirect addressing preinc operation. It uses preinc to create a 
               00041 ;table of values in access memory from 0xffe to 0x001. Checks rollover from 0xfff to 
               00042 ;0x000. It writes values, resets the FSR, then reads the values back into the wreg.
               00043 ;Write test:
               00044 
001C 0EAA      00045         movlw   0xaa            ;Place 0xaa in wreg
001E EE0F F0FD 00046         lfsr    0, 0xffd        ;Place 0xffd in FSR0
0022 6EEC      00047         movwf   PREINC0         ;Increment FSR0, write wreg to address pointed to by FSR0 
0024 0E0E      00048         movlw   0x0e            ;Place 0x0e in wreg
0026 6EEC      00049         movwf   PREINC0         ;Increment FSR0, write wreg to address pointed to by FSR0 
0028 0E02      00050         movlw   0x02            ;Place 0x02 in wreg
002A 6EEC      00051         movwf   PREINC0         ;Increment FSR0, write wreg to address pointed to by FSR0 
002C 0E1C      00052         movlw   0x1c            ;Place 0x1c in wreg
002E 6EEC      00053         movwf   PREINC0         ;Increment FSR0, write wreg to address pointed to by FSR0 
               00054 
               00055 ;Read test:
               00056 
0030 EE0F F0FD 00057         lfsr    0, 0xffd        ;Place 0xffd in FSR0
0034 CFEC FFE8 00058         movff   PREINC0, WREG
0038 CFEC FFE8 00059         movff   PREINC0, WREG
003C CFEC FFE8 00060         movff   PREINC0, WREG
0040 CFEC FFE8 00061         movff   PREINC0, WREG
               00062 
               00063 
0044 EF22 F000 00064 stop    goto            stop
               00065 


Errors   :       0
Warnings :       0 reported,       0 suppressed
Messages :       0 reported,       0 suppressed

